<?xml version="1.0" encoding="utf-8"?><testsuites name="pytest tests"><testsuite name="pytest" errors="0" failures="0" skipped="0" tests="9" time="1.642" timestamp="2026-06-10T09:20:51.332152+00:00" hostname="agent-env-4cf2735e-27c7-4960-83ac-a03d67ad6fd6"><testcase classname="backend.tests.backend_test" name="test_root_status_ok" time="0.384" /><testcase classname="backend.tests.backend_test" name="test_stats_returns_total_and_labs" time="0.059" /><testcase classname="backend.tests.backend_test" name="test_create_registration_valid" time="0.128" /><testcase classname="backend.tests.backend_test" name="test_missing_required_fields" time="0.056" /><testcase classname="backend.tests.backend_test" name="test_invalid_email" time="0.054" /><testcase classname="backend.tests.backend_test" name="test_age_out_of_bounds[5]" time="0.054" /><testcase classname="backend.tests.backend_test" name="test_age_out_of_bounds[30]" time="0.055" /><testcase classname="backend.tests.backend_test" name="test_invalid_lab_interest" time="0.071" /><testcase classname="backend.tests.backend_test" name="test_lab_interest_all_valid" time="0.068" /></testsuite></testsuites>